[2019-09-07 10:13:51] development.ERROR: PDOException: SQLSTATE[42S02]: Base table or view not found: 1146 Table 'o.system_plugin_versions' doesn't exist in /home/vagrant/code/o/vendor/doctrine/dbal/lib/Doctrine/DBAL/Driver/PDOConnection.php:77
Stack trace:
#0 /home/vagrant/code/o/vendor/doctrine/dbal/lib/Doctrine/DBAL/Driver/PDOConnection.php(77): PDO->prepare('select * from `...', Array)
#1 /home/vagrant/code/o/vendor/laravel/framework/src/Illuminate/Database/Connection.php(326): Doctrine\DBAL\Driver\PDOConnection->prepare('select * from `...')
#2 /home/vagrant/code/o/vendor/laravel/framework/src/Illuminate/Database/Connection.php(657): Illuminate\Database\Connection->Illuminate\Database\{closure}('select * from `...', Array)
#3 /home/vagrant/code/o/vendor/laravel/framework/src/Illuminate/Database/Connection.php(624): Illuminate\Database\Connection->runQueryCallback('select * from `...', Array, Object(Closure))
#4 /home/vagrant/code/o/vendor/laravel/framework/src/Illuminate/Database/Connection.php(333): Illuminate\Database\Connection->run('select * from `...', Array, Object(Closure))
#5 /home/vagrant/code/o/vendor/laravel/framework/src/Illuminate/Database/Query/Builder.php(1719): Illuminate\Database\Connection->select('select * from `...', Array, true)
#6 /home/vagrant/code/o/vendor/laravel/framework/src/Illuminate/Database/Query/Builder.php(1704): Illuminate\Database\Query\Builder->runSelect()
#7 /home/vagrant/code/o/vendor/october/rain/src/Database/QueryBuilder.php(122): Illuminate\Database\Query\Builder->get(Array)
#8 /home/vagrant/code/o/vendor/october/rain/src/Database/QueryBuilder.php(92): October\Rain\Database\QueryBuilder->getDuplicateCached(Array)
#9 /home/vagrant/code/o/vendor/laravel/framework/src/Illuminate/Database/Eloquent/Builder.php(481): October\Rain\Database\QueryBuilder->get(Array)
#10 /home/vagrant/code/o/vendor/laravel/framework/src/Illuminate/Database/Eloquent/Builder.php(465): Illuminate\Database\Eloquent\Builder->getModels(Array)
#11 /home/vagrant/code/o/vendor/laravel/framework/src/Illuminate/Database/Eloquent/Model.php(360): Illuminate\Database\Eloquent\Builder->get(Array)
#12 /home/vagrant/code/o/modules/system/Classes/UpdateManager.php(223): Illuminate\Database\Eloquent\Model::all()
#13 /home/vagrant/code/o/modules/system/Console/OctoberUpdate.php(58): System\Classes\UpdateManager->requestUpdateList(false)
#14 [internal function]: System\Console\OctoberUpdate->handle()
#15 /home/vagrant/code/o/vendor/laravel/framework/src/Illuminate/Container/BoundMethod.php(29): call_user_func_array(Array, Array)
#16 /home/vagrant/code/o/vendor/laravel/framework/src/Illuminate/Container/BoundMethod.php(87): Illuminate\Container\BoundMethod::Illuminate\Container\{closure}()
#17 /home/vagrant/code/o/vendor/laravel/framework/src/Illuminate/Container/BoundMethod.php(31): Illuminate\Container\BoundMethod::callBoundMethod(Object(October\Rain\Foundation\Application), Array, Object(Closure))
#18 /home/vagrant/code/o/vendor/laravel/framework/src/Illuminate/Container/Container.php(549): Illuminate\Container\BoundMethod::call(Object(October\Rain\Foundation\Application), Array, Array, NULL)
#19 /home/vagrant/code/o/vendor/laravel/framework/src/Illuminate/Console/Command.php(183): Illuminate\Container\Container->call(Array)
#20 /home/vagrant/code/o/vendor/symfony/console/Command/Command.php(264): Illuminate\Console\Command->execute(Object(Symfony\Component\Console\Input\ArgvInput), Object(Illuminate\Console\OutputStyle))
#21 /home/vagrant/code/o/vendor/laravel/framework/src/Illuminate/Console/Command.php(170): Symfony\Component\Console\Command\Command->run(Object(Symfony\Component\Console\Input\ArgvInput), Object(Illuminate\Console\OutputStyle))
#22 /home/vagrant/code/o/vendor/symfony/console/Application.php(874): Illuminate\Console\Command->run(Object(Symfony\Component\Console\Input\ArgvInput), Object(Symfony\Component\Console\Output\ConsoleOutput))
#23 /home/vagrant/code/o/vendor/symfony/console/Application.php(228): Symfony\Component\Console\Application->doRunCommand(Object(System\Console\OctoberUpdate), Object(Symfony\Component\Console\Input\ArgvInput), Object(Symfony\Component\Console\Output\ConsoleOutput))
#24 /home/vagrant/code/o/vendor/symfony/console/Application.php(130): Symfony\Component\Console\Application->doRun(Object(Symfony\Component\Console\Input\ArgvInput), Object(Symfony\Component\Console\Output\ConsoleOutput))
#25 /home/vagrant/code/o/vendor/laravel/framework/src/Illuminate/Console/Application.php(88): Symfony\Component\Console\Application->run(Object(Symfony\Component\Console\Input\ArgvInput), Object(Symfony\Component\Console\Output\ConsoleOutput))
#26 /home/vagrant/code/o/vendor/laravel/framework/src/Illuminate/Foundation/Console/Kernel.php(121): Illuminate\Console\Application->run(Object(Symfony\Component\Console\Input\ArgvInput), Object(Symfony\Component\Console\Output\ConsoleOutput))
#27 /home/vagrant/code/o/artisan(35): Illuminate\Foundation\Console\Kernel->handle(Object(Symfony\Component\Console\Input\ArgvInput), Object(Symfony\Component\Console\Output\ConsoleOutput))
#28 {main}

Next Doctrine\DBAL\Driver\PDOException: SQLSTATE[42S02]: Base table or view not found: 1146 Table 'o.system_plugin_versions' doesn't exist in /home/vagrant/code/o/vendor/doctrine/dbal/lib/Doctrine/DBAL/Driver/PDOConnection.php:79
Stack trace:
#0 /home/vagrant/code/o/vendor/laravel/framework/src/Illuminate/Database/Connection.php(326): Doctrine\DBAL\Driver\PDOConnection->prepare('select * from `...')
#1 /home/vagrant/code/o/vendor/laravel/framework/src/Illuminate/Database/Connection.php(657): Illuminate\Database\Connection->Illuminate\Database\{closure}('select * from `...', Array)
#2 /home/vagrant/code/o/vendor/laravel/framework/src/Illuminate/Database/Connection.php(624): Illuminate\Database\Connection->runQueryCallback('select * from `...', Array, Object(Closure))
#3 /home/vagrant/code/o/vendor/laravel/framework/src/Illuminate/Database/Connection.php(333): Illuminate\Database\Connection->run('select * from `...', Array, Object(Closure))
#4 /home/vagrant/code/o/vendor/laravel/framework/src/Illuminate/Database/Query/Builder.php(1719): Illuminate\Database\Connection->select('select * from `...', Array, true)
#5 /home/vagrant/code/o/vendor/laravel/framework/src/Illuminate/Database/Query/Builder.php(1704): Illuminate\Database\Query\Builder->runSelect()
#6 /home/vagrant/code/o/vendor/october/rain/src/Database/QueryBuilder.php(122): Illuminate\Database\Query\Builder->get(Array)
#7 /home/vagrant/code/o/vendor/october/rain/src/Database/QueryBuilder.php(92): October\Rain\Database\QueryBuilder->getDuplicateCached(Array)
#8 /home/vagrant/code/o/vendor/laravel/framework/src/Illuminate/Database/Eloquent/Builder.php(481): October\Rain\Database\QueryBuilder->get(Array)
#9 /home/vagrant/code/o/vendor/laravel/framework/src/Illuminate/Database/Eloquent/Builder.php(465): Illuminate\Database\Eloquent\Builder->getModels(Array)
#10 /home/vagrant/code/o/vendor/laravel/framework/src/Illuminate/Database/Eloquent/Model.php(360): Illuminate\Database\Eloquent\Builder->get(Array)
#11 /home/vagrant/code/o/modules/system/Classes/UpdateManager.php(223): Illuminate\Database\Eloquent\Model::all()
#12 /home/vagrant/code/o/modules/system/Console/OctoberUpdate.php(58): System\Classes\UpdateManager->requestUpdateList(false)
#13 [internal function]: System\Console\OctoberUpdate->handle()
#14 /home/vagrant/code/o/vendor/laravel/framework/src/Illuminate/Container/BoundMethod.php(29): call_user_func_array(Array, Array)
#15 /home/vagrant/code/o/vendor/laravel/framework/src/Illuminate/Container/BoundMethod.php(87): Illuminate\Container\BoundMethod::Illuminate\Container\{closure}()
#16 /home/vagrant/code/o/vendor/laravel/framework/src/Illuminate/Container/BoundMethod.php(31): Illuminate\Container\BoundMethod::callBoundMethod(Object(October\Rain\Foundation\Application), Array, Object(Closure))
#17 /home/vagrant/code/o/vendor/laravel/framework/src/Illuminate/Container/Container.php(549): Illuminate\Container\BoundMethod::call(Object(October\Rain\Foundation\Application), Array, Array, NULL)
#18 /home/vagrant/code/o/vendor/laravel/framework/src/Illuminate/Console/Command.php(183): Illuminate\Container\Container->call(Array)
#19 /home/vagrant/code/o/vendor/symfony/console/Command/Command.php(264): Illuminate\Console\Command->execute(Object(Symfony\Component\Console\Input\ArgvInput), Object(Illuminate\Console\OutputStyle))
#20 /home/vagrant/code/o/vendor/laravel/framework/src/Illuminate/Console/Command.php(170): Symfony\Component\Console\Command\Command->run(Object(Symfony\Component\Console\Input\ArgvInput), Object(Illuminate\Console\OutputStyle))
#21 /home/vagrant/code/o/vendor/symfony/console/Application.php(874): Illuminate\Console\Command->run(Object(Symfony\Component\Console\Input\ArgvInput), Object(Symfony\Component\Console\Output\ConsoleOutput))
#22 /home/vagrant/code/o/vendor/symfony/console/Application.php(228): Symfony\Component\Console\Application->doRunCommand(Object(System\Console\OctoberUpdate), Object(Symfony\Component\Console\Input\ArgvInput), Object(Symfony\Component\Console\Output\ConsoleOutput))
#23 /home/vagrant/code/o/vendor/symfony/console/Application.php(130): Symfony\Component\Console\Application->doRun(Object(Symfony\Component\Console\Input\ArgvInput), Object(Symfony\Component\Console\Output\ConsoleOutput))
#24 /home/vagrant/code/o/vendor/laravel/framework/src/Illuminate/Console/Application.php(88): Symfony\Component\Console\Application->run(Object(Symfony\Component\Console\Input\ArgvInput), Object(Symfony\Component\Console\Output\ConsoleOutput))
#25 /home/vagrant/code/o/vendor/laravel/framework/src/Illuminate/Foundation/Console/Kernel.php(121): Illuminate\Console\Application->run(Object(Symfony\Component\Console\Input\ArgvInput), Object(Symfony\Component\Console\Output\ConsoleOutput))
#26 /home/vagrant/code/o/artisan(35): Illuminate\Foundation\Console\Kernel->handle(Object(Symfony\Component\Console\Input\ArgvInput), Object(Symfony\Component\Console\Output\ConsoleOutput))
#27 {main}

Next Illuminate\Database\QueryException: SQLSTATE[42S02]: Base table or view not found: 1146 Table 'o.system_plugin_versions' doesn't exist (SQL: select * from `system_plugin_versions`) in /home/vagrant/code/o/vendor/laravel/framework/src/Illuminate/Database/Connection.php:664
Stack trace:
#0 /home/vagrant/code/o/vendor/laravel/framework/src/Illuminate/Database/Connection.php(624): Illuminate\Database\Connection->runQueryCallback('select * from `...', Array, Object(Closure))
#1 /home/vagrant/code/o/vendor/laravel/framework/src/Illuminate/Database/Connection.php(333): Illuminate\Database\Connection->run('select * from `...', Array, Object(Closure))
#2 /home/vagrant/code/o/vendor/laravel/framework/src/Illuminate/Database/Query/Builder.php(1719): Illuminate\Database\Connection->select('select * from `...', Array, true)
#3 /home/vagrant/code/o/vendor/laravel/framework/src/Illuminate/Database/Query/Builder.php(1704): Illuminate\Database\Query\Builder->runSelect()
#4 /home/vagrant/code/o/vendor/october/rain/src/Database/QueryBuilder.php(122): Illuminate\Database\Query\Builder->get(Array)
#5 /home/vagrant/code/o/vendor/october/rain/src/Database/QueryBuilder.php(92): October\Rain\Database\QueryBuilder->getDuplicateCached(Array)
#6 /home/vagrant/code/o/vendor/laravel/framework/src/Illuminate/Database/Eloquent/Builder.php(481): October\Rain\Database\QueryBuilder->get(Array)
#7 /home/vagrant/code/o/vendor/laravel/framework/src/Illuminate/Database/Eloquent/Builder.php(465): Illuminate\Database\Eloquent\Builder->getModels(Array)
#8 /home/vagrant/code/o/vendor/laravel/framework/src/Illuminate/Database/Eloquent/Model.php(360): Illuminate\Database\Eloquent\Builder->get(Array)
#9 /home/vagrant/code/o/modules/system/Classes/UpdateManager.php(223): Illuminate\Database\Eloquent\Model::all()
#10 /home/vagrant/code/o/modules/system/Console/OctoberUpdate.php(58): System\Classes\UpdateManager->requestUpdateList(false)
#11 [internal function]: System\Console\OctoberUpdate->handle()
#12 /home/vagrant/code/o/vendor/laravel/framework/src/Illuminate/Container/BoundMethod.php(29): call_user_func_array(Array, Array)
#13 /home/vagrant/code/o/vendor/laravel/framework/src/Illuminate/Container/BoundMethod.php(87): Illuminate\Container\BoundMethod::Illuminate\Container\{closure}()
#14 /home/vagrant/code/o/vendor/laravel/framework/src/Illuminate/Container/BoundMethod.php(31): Illuminate\Container\BoundMethod::callBoundMethod(Object(October\Rain\Foundation\Application), Array, Object(Closure))
#15 /home/vagrant/code/o/vendor/laravel/framework/src/Illuminate/Container/Container.php(549): Illuminate\Container\BoundMethod::call(Object(October\Rain\Foundation\Application), Array, Array, NULL)
#16 /home/vagrant/code/o/vendor/laravel/framework/src/Illuminate/Console/Command.php(183): Illuminate\Container\Container->call(Array)
#17 /home/vagrant/code/o/vendor/symfony/console/Command/Command.php(264): Illuminate\Console\Command->execute(Object(Symfony\Component\Console\Input\ArgvInput), Object(Illuminate\Console\OutputStyle))
#18 /home/vagrant/code/o/vendor/laravel/framework/src/Illuminate/Console/Command.php(170): Symfony\Component\Console\Command\Command->run(Object(Symfony\Component\Console\Input\ArgvInput), Object(Illuminate\Console\OutputStyle))
#19 /home/vagrant/code/o/vendor/symfony/console/Application.php(874): Illuminate\Console\Command->run(Object(Symfony\Component\Console\Input\ArgvInput), Object(Symfony\Component\Console\Output\ConsoleOutput))
#20 /home/vagrant/code/o/vendor/symfony/console/Application.php(228): Symfony\Component\Console\Application->doRunCommand(Object(System\Console\OctoberUpdate), Object(Symfony\Component\Console\Input\ArgvInput), Object(Symfony\Component\Console\Output\ConsoleOutput))
#21 /home/vagrant/code/o/vendor/symfony/console/Application.php(130): Symfony\Component\Console\Application->doRun(Object(Symfony\Component\Console\Input\ArgvInput), Object(Symfony\Component\Console\Output\ConsoleOutput))
#22 /home/vagrant/code/o/vendor/laravel/framework/src/Illuminate/Console/Application.php(88): Symfony\Component\Console\Application->run(Object(Symfony\Component\Console\Input\ArgvInput), Object(Symfony\Component\Console\Output\ConsoleOutput))
#23 /home/vagrant/code/o/vendor/laravel/framework/src/Illuminate/Foundation/Console/Kernel.php(121): Illuminate\Console\Application->run(Object(Symfony\Component\Console\Input\ArgvInput), Object(Symfony\Component\Console\Output\ConsoleOutput))
#24 /home/vagrant/code/o/artisan(35): Illuminate\Foundation\Console\Kernel->handle(Object(Symfony\Component\Console\Input\ArgvInput), Object(Symfony\Component\Console\Output\ConsoleOutput))
#25 {main}  
